[2017-11-11 14:57:47 *4960.0]	NOTICE	swFactoryProcess_finish (ERROR 1004): send 34 byte failed, because connection[fd=1] is closed.
[2017-11-11 14:58:44 *4960.0]	NOTICE	swFactoryProcess_finish (ERROR 1004): send 34 byte failed, because connection[fd=2] is closed.
[2017-11-11 15:01:38 *4960.0]	NOTICE	swFactoryProcess_finish (ERROR 1004): send 34 byte failed, because connection[fd=3] is closed.
[2017-11-11 15:02:44 *4960.0]	NOTICE	swFactoryProcess_finish (ERROR 1004): send 34 byte failed, because connection[fd=4] is closed.
[2017-11-11 15:02:45 *4960.0]	NOTICE	swFactoryProcess_finish (ERROR 1004): send 34 byte failed, because connection[fd=5] is closed.
[2017-11-11 15:02:50 *4960.0]	NOTICE	swFactoryProcess_finish (ERROR 1004): send 34 byte failed, because connection[fd=6] is closed.
[2017-11-11 15:06:18 *4960.0]	NOTICE	swFactoryProcess_finish (ERROR 1004): send 34 byte failed, because connection[fd=7] is closed.
[2017-11-11 15:08:53 *4960.0]	NOTICE	swFactoryProcess_finish (ERROR 1004): send 34 byte failed, because connection[fd=8] is closed.
[2017-11-11 15:08:54 *4960.0]	NOTICE	swFactoryProcess_finish (ERROR 1004): send 34 byte failed, because connection[fd=9] is closed.
[2017-11-11 15:08:55 *4960.0]	NOTICE	swFactoryProcess_finish (ERROR 1004): send 34 byte failed, because connection[fd=10] is closed.
[2017-11-11 15:08:56 *4960.0]	NOTICE	swFactoryProcess_finish (ERROR 1004): send 34 byte failed, because connection[fd=11] is closed.
[2017-11-11 15:08:57 *4960.0]	NOTICE	swFactoryProcess_finish (ERROR 1004): send 34 byte failed, because connection[fd=12] is closed.
[2017-11-11 15:08:57 *4960.0]	NOTICE	swFactoryProcess_finish (ERROR 1004): send 34 byte failed, because connection[fd=13] is closed.
[2017-11-11 15:09:03 *4960.0]	NOTICE	swFactoryProcess_finish (ERROR 1004): send 34 byte failed, because connection[fd=14] is closed.
[2017-11-11 15:09:04 *4960.0]	NOTICE	swFactoryProcess_finish (ERROR 1004): send 34 byte failed, because connection[fd=15] is closed.
[2017-11-11 15:09:04 *4960.0]	NOTICE	swFactoryProcess_finish (ERROR 1004): send 34 byte failed, because connection[fd=16] is closed.
[2017-11-11 15:09:05 *4960.0]	NOTICE	swFactoryProcess_finish (ERROR 1004): send 34 byte failed, because connection[fd=17] is closed.
[2017-11-11 15:09:06 *4960.0]	NOTICE	swFactoryProcess_finish (ERROR 1004): send 34 byte failed, because connection[fd=18] is closed.
[2017-11-11 15:09:06 *4960.0]	NOTICE	swFactoryProcess_finish (ERROR 1004): send 34 byte failed, because connection[fd=19] is closed.
[2017-11-11 15:09:06 *4960.0]	NOTICE	swFactoryProcess_finish (ERROR 1004): send 34 byte failed, because connection[fd=20] is closed.
[2017-11-11 15:09:07 *4960.0]	NOTICE	swFactoryProcess_finish (ERROR 1004): send 34 byte failed, because connection[fd=21] is closed.
[2017-11-11 15:12:57 *4960.0]	NOTICE	swFactoryProcess_finish (ERROR 1004): send 34 byte failed, because connection[fd=22] is closed.
[2017-11-11 15:12:58 *4960.0]	NOTICE	swFactoryProcess_finish (ERROR 1004): send 34 byte failed, because connection[fd=23] is closed.
[2017-11-11 15:12:59 *4960.0]	NOTICE	swFactoryProcess_finish (ERROR 1004): send 34 byte failed, because connection[fd=24] is closed.
[2017-11-11 15:13:00 *4960.0]	NOTICE	swFactoryProcess_finish (ERROR 1004): send 34 byte failed, because connection[fd=25] is closed.
[2017-11-11 15:13:01 *4960.0]	NOTICE	swFactoryProcess_finish (ERROR 1004): send 34 byte failed, because connection[fd=26] is closed.
[2017-11-11 15:15:35 *4960.0]	NOTICE	swFactoryProcess_finish (ERROR 1004): send 34 byte failed, because connection[fd=27] is closed.
[2017-11-11 15:15:36 *4960.0]	NOTICE	swFactoryProcess_finish (ERROR 1004): send 34 byte failed, because connection[fd=28] is closed.
[2017-11-11 15:15:37 *4960.0]	NOTICE	swFactoryProcess_finish (ERROR 1004): send 34 byte failed, because connection[fd=29] is closed.
[2017-11-11 15:32:05 *4960.0]	NOTICE	swFactoryProcess_finish (ERROR 1004): send 34 byte failed, because connection[fd=30] is closed.
[2017-11-11 15:32:07 *4960.0]	NOTICE	swFactoryProcess_finish (ERROR 1004): send 34 byte failed, because connection[fd=32] is closed.
[2017-11-11 15:37:04 *4960.0]	WARNING	swSignalfd_onSignal: signal[1] callback is null.
[2017-11-11 15:37:04 #4955.1]	WARNING	swSignalfd_onSignal: signal[1] callback is null.
[2017-11-11 15:37:04 $4957.0]	WARNING	swSignal_callback: signal[1] callback is null.
[2017-11-13 09:04:27 *4960.0]	NOTICE	swFactoryProcess_finish (ERROR 1004): send 34 byte failed, because connection[fd=34] is closed.
[2017-11-13 09:04:27 *4960.0]	NOTICE	swFactoryProcess_finish (ERROR 1005): connection[fd=34] does not exists.
[2017-11-13 09:04:27 *4960.0]	NOTICE	swFactoryProcess_finish (ERROR 1005): connection[fd=34] does not exists.
[2017-11-13 09:04:29 *4960.0]	NOTICE	swFactoryProcess_finish (ERROR 1004): send 34 byte failed, because connection[fd=35] is closed.
[2017-11-13 09:04:29 *4960.0]	NOTICE	swFactoryProcess_finish (ERROR 1005): connection[fd=34] does not exists.
[2017-11-13 09:04:29 *4960.0]	NOTICE	swFactoryProcess_finish (ERROR 1005): connection[fd=34] does not exists.
[2017-11-13 09:04:29 *4960.0]	NOTICE	swFactoryProcess_finish (ERROR 1005): connection[fd=34] does not exists.
[2017-11-13 09:04:30 *4960.0]	NOTICE	swFactoryProcess_finish (ERROR 1004): send 34 byte failed, because connection[fd=36] is closed.
[2017-11-13 09:04:30 *4960.0]	NOTICE	swFactoryProcess_finish (ERROR 1005): connection[fd=34] does not exists.
[2017-11-13 09:04:30 *4960.0]	NOTICE	swFactoryProcess_finish (ERROR 1005): connection[fd=34] does not exists.
[2017-11-13 09:04:30 *4960.0]	NOTICE	swFactoryProcess_finish (ERROR 1005): connection[fd=34] does not exists.
[2017-11-13 09:04:34 *4960.0]	NOTICE	swFactoryProcess_finish (ERROR 1005): connection[fd=34] does not exists.
[2017-11-13 09:04:40 *4960.0]	NOTICE	swFactoryProcess_finish (ERROR 1004): send 34 byte failed, because connection[fd=37] is closed.
[2017-11-13 09:04:40 *4960.0]	NOTICE	swFactoryProcess_finish (ERROR 1005): connection[fd=34] does not exists.
[2017-11-13 09:04:41 *4960.0]	NOTICE	swFactoryProcess_finish (ERROR 1005): connection[fd=34] does not exists.
[2017-11-13 09:04:41 *4960.0]	NOTICE	swFactoryProcess_finish (ERROR 1005): connection[fd=34] does not exists.
[2017-11-13 09:04:41 *4960.0]	NOTICE	swFactoryProcess_finish (ERROR 1004): send 34 byte failed, because connection[fd=38] is closed.
[2017-11-13 09:04:41 *4960.0]	NOTICE	swFactoryProcess_finish (ERROR 1005): connection[fd=34] does not exists.
[2017-11-13 09:04:41 *4960.0]	NOTICE	swFactoryProcess_finish (ERROR 1005): connection[fd=34] does not exists.
[2017-11-13 09:04:41 *4960.0]	NOTICE	swFactoryProcess_finish (ERROR 1005): connection[fd=34] does not exists.
[2017-11-13 09:04:42 *4960.0]	NOTICE	swFactoryProcess_finish (ERROR 1004): send 34 byte failed, because connection[fd=39] is closed.
[2017-11-13 09:04:42 *4960.0]	NOTICE	swFactoryProcess_finish (ERROR 1005): connection[fd=34] does not exists.
[2017-11-13 09:04:42 *4960.0]	NOTICE	swFactoryProcess_finish (ERROR 1005): connection[fd=34] does not exists.
[2017-11-13 09:04:42 *4960.0]	NOTICE	swFactoryProcess_finish (ERROR 1005): connection[fd=34] does not exists.
[2017-11-13 09:04:43 *4960.0]	NOTICE	swFactoryProcess_finish (ERROR 1004): send 34 byte failed, because connection[fd=40] is closed.
[2017-11-13 09:04:43 *4960.0]	NOTICE	swFactoryProcess_finish (ERROR 1005): connection[fd=34] does not exists.
[2017-11-13 09:04:43 *4960.0]	NOTICE	swFactoryProcess_finish (ERROR 1005): connection[fd=34] does not exists.
[2017-11-13 09:04:43 *4960.0]	NOTICE	swFactoryProcess_finish (ERROR 1005): connection[fd=34] does not exists.
[2017-11-13 09:04:44 *4960.0]	NOTICE	swFactoryProcess_finish (ERROR 1004): send 34 byte failed, because connection[fd=41] is closed.
[2017-11-13 09:04:44 *4960.0]	NOTICE	swFactoryProcess_finish (ERROR 1005): connection[fd=34] does not exists.
[2017-11-13 09:04:44 *4960.0]	NOTICE	swFactoryProcess_finish (ERROR 1005): connection[fd=34] does not exists.
[2017-11-13 09:04:44 *4960.0]	NOTICE	swFactoryProcess_finish (ERROR 1005): connection[fd=34] does not exists.
[2017-11-13 09:05:02 *4960.0]	NOTICE	swFactoryProcess_finish (ERROR 1005): connection[fd=34] does not exists.
[2017-11-13 09:05:02 *4960.0]	NOTICE	swFactoryProcess_finish (ERROR 1005): connection[fd=34] does not exists.
[2017-11-13 09:05:02 *4960.0]	NOTICE	swFactoryProcess_finish (ERROR 1005): connection[fd=34] does not exists.
[2017-11-13 09:05:05 *4960.0]	NOTICE	swFactoryProcess_finish (ERROR 1005): connection[fd=34] does not exists.
[2017-11-13 09:05:06 *4960.0]	NOTICE	swFactoryProcess_finish (ERROR 1005): connection[fd=34] does not exists.
[2017-11-13 09:05:06 *4960.0]	NOTICE	swFactoryProcess_finish (ERROR 1005): connection[fd=34] does not exists.
[2017-11-13 09:05:11 *4960.0]	NOTICE	swFactoryProcess_finish (ERROR 1005): connection[fd=34] does not exists.
[2017-11-13 11:30:05 *4960.0]	NOTICE	swFactoryProcess_finish (ERROR 1004): send 34 byte failed, because connection[fd=42] is closed.
[2017-11-13 11:30:05 *4960.0]	NOTICE	swFactoryProcess_finish (ERROR 1005): connection[fd=34] does not exists.
[2017-11-13 11:30:05 *4960.0]	NOTICE	swFactoryProcess_finish (ERROR 1005): connection[fd=34] does not exists.
[2017-11-13 11:30:05 *4960.0]	NOTICE	swFactoryProcess_finish (ERROR 1005): connection[fd=34] does not exists.
[2017-11-13 11:30:07 *4960.0]	NOTICE	swFactoryProcess_finish (ERROR 1004): send 34 byte failed, because connection[fd=45] is closed.
[2017-11-13 11:30:07 *4960.0]	NOTICE	swFactoryProcess_finish (ERROR 1005): connection[fd=34] does not exists.
[2017-11-13 11:30:08 *4960.0]	NOTICE	swFactoryProcess_finish (ERROR 1005): connection[fd=34] does not exists.
[2017-11-13 11:30:08 *4960.0]	NOTICE	swFactoryProcess_finish (ERROR 1005): connection[fd=34] does not exists.
[2017-11-13 11:30:10 *4960.0]	NOTICE	swFactoryProcess_finish (ERROR 1004): send 34 byte failed, because connection[fd=46] is closed.
[2017-11-13 11:30:10 *4960.0]	NOTICE	swFactoryProcess_finish (ERROR 1005): connection[fd=34] does not exists.
[2017-11-13 11:30:10 *4960.0]	NOTICE	swFactoryProcess_finish (ERROR 1005): connection[fd=34] does not exists.
[2017-11-13 11:30:10 *4960.0]	NOTICE	swFactoryProcess_finish (ERROR 1005): connection[fd=34] does not exists.
[2017-11-13 11:30:12 *4960.0]	NOTICE	swFactoryProcess_finish (ERROR 1004): send 34 byte failed, because connection[fd=47] is closed.
[2017-11-13 11:30:12 *4960.0]	NOTICE	swFactoryProcess_finish (ERROR 1005): connection[fd=34] does not exists.
[2017-11-13 11:30:12 *4960.0]	NOTICE	swFactoryProcess_finish (ERROR 1005): connection[fd=34] does not exists.
[2017-11-13 11:30:12 *4960.0]	NOTICE	swFactoryProcess_finish (ERROR 1005): connection[fd=34] does not exists.
[2017-11-13 11:30:17 *4960.0]	NOTICE	swFactoryProcess_finish (ERROR 1005): connection[fd=34] does not exists.
[2017-11-13 11:31:43 *4960.0]	NOTICE	swFactoryProcess_finish (ERROR 1004): send 34 byte failed, because connection[fd=48] is closed.
[2017-11-13 11:31:43 *4960.0]	NOTICE	swFactoryProcess_finish (ERROR 1005): connection[fd=34] does not exists.
[2017-11-13 11:31:56 *4960.0]	NOTICE	swFactoryProcess_finish (ERROR 1004): send 34 byte failed, because connection[fd=44] is closed.
[2017-11-13 11:31:56 *4960.0]	NOTICE	swFactoryProcess_finish (ERROR 1005): connection[fd=34] does not exists.
[2017-11-13 16:59:57 *4960.0]	NOTICE	swFactoryProcess_finish (ERROR 1005): connection[fd=34] does not exists.
[2017-11-13 16:59:57 *4960.0]	NOTICE	swFactoryProcess_finish (ERROR 1005): connection[fd=34] does not exists.
[2017-11-13 17:00:08 *4960.0]	NOTICE	swFactoryProcess_finish (ERROR 1005): connection[fd=34] does not exists.
[2017-11-13 17:00:14 *4960.0]	NOTICE	swFactoryProcess_finish (ERROR 1005): connection[fd=34] does not exists.
[2017-11-13 17:03:24 *4960.0]	NOTICE	swFactoryProcess_finish (ERROR 1005): connection[fd=34] does not exists.
[2017-11-14 09:16:00 *4960.0]	NOTICE	swFactoryProcess_finish (ERROR 1004): send 34 byte failed, because connection[fd=49] is closed.
[2017-11-14 09:16:00 *4960.0]	NOTICE	swFactoryProcess_finish (ERROR 1005): connection[fd=34] does not exists.
[2017-11-14 10:44:49 *4960.0]	NOTICE	swFactoryProcess_finish (ERROR 1005): connection[fd=34] does not exists.
[2017-11-14 10:44:49 *4960.0]	NOTICE	swFactoryProcess_finish (ERROR 1005): connection[fd=34] does not exists.
[2017-11-14 10:44:54 *4960.0]	NOTICE	swFactoryProcess_finish (ERROR 1005): connection[fd=34] does not exists.
[2017-11-14 10:45:05 *4960.0]	NOTICE	swFactoryProcess_finish (ERROR 1004): send 34 byte failed, because connection[fd=50] is closed.
[2017-11-14 10:45:05 *4960.0]	NOTICE	swFactoryProcess_finish (ERROR 1005): connection[fd=34] does not exists.
[2018-02-06 14:04:23 *1835.0]	NOTICE	swFactoryProcess_finish (ERROR 1004): send 34 byte failed, because connection[fd=1] is closed.
[2018-02-06 14:04:24 *1835.0]	NOTICE	swFactoryProcess_finish (ERROR 1004): send 34 byte failed, because connection[fd=2] is closed.
[2018-02-06 15:00:05 *4670.0]	NOTICE	swFactoryProcess_finish (ERROR 1004): send 34 byte failed, because connection[fd=1] is closed.
[2018-02-06 15:00:06 *4670.0]	NOTICE	swFactoryProcess_finish (ERROR 1004): send 34 byte failed, because connection[fd=2] is closed.
[2018-02-06 15:00:06 *4670.0]	NOTICE	swFactoryProcess_finish (ERROR 1004): send 34 byte failed, because connection[fd=3] is closed.
[2018-02-06 15:03:50 *4670.0]	NOTICE	swFactoryProcess_finish (ERROR 1004): send 34 byte failed, because connection[fd=4] is closed.
[2018-02-06 15:11:12 *4996.0]	NOTICE	swFactoryProcess_finish (ERROR 1004): send 34 byte failed, because connection[fd=1] is closed.
[2018-02-07 09:31:53 *6177.0]	NOTICE	swFactoryProcess_finish (ERROR 1004): send 34 byte failed, because connection[fd=1] is closed.
[2018-02-07 10:14:17 *28432.0]	NOTICE	swFactoryProcess_finish (ERROR 1004): send 34 byte failed, because connection[fd=1] is closed.
[2018-02-07 10:14:19 *28432.0]	NOTICE	swFactoryProcess_finish (ERROR 1004): send 34 byte failed, because connection[fd=2] is closed.
[2018-02-07 10:15:17 *28432.0]	WARNING	swSignalfd_onSignal: signal[1] callback is null.
[2018-02-07 10:15:17 $28429.0]	WARNING	swSignal_callback: signal[1] callback is null.
[2018-02-07 10:15:17 #28427.1]	WARNING	swSignalfd_onSignal: signal[1] callback is null.
[2018-02-07 10:15:21 *28432.0]	NOTICE	swFactoryProcess_finish (ERROR 1004): send 34 byte failed, because connection[fd=3] is closed.
[2018-02-07 10:15:24 *28432.0]	NOTICE	swFactoryProcess_finish (ERROR 1004): send 34 byte failed, because connection[fd=4] is closed.
